<?xml version="1.0" encoding="windows-1252" standalone="no"?>
<!DOCTYPE log SYSTEM "logger.dtd">
<log>
<record>
  <date>2018-02-25T10:30:22</date>
  <millis>1519551022784</millis>
  <sequence>1</sequence>
  <logger></logger>
  <level>SEVERE</level>
  <class>java.util.logging.LogManager$RootLogger</class>
  <method>log</method>
  <thread>13</thread>
  <message></message>
  <exception>
    <message>com.mysql.jdbc.exceptions.jdbc4.MySQLIntegrityConstraintViolationException: Duplicate entry '2018-02-26-24-3' for key 'PRIMARY'</message>
    <frame>
      <class>sun.reflect.NativeConstructorAccessorImpl</class>
      <method>newInstance0</method>
    </frame>
    <frame>
      <class>sun.reflect.NativeConstructorAccessorImpl</class>
      <method>newInstance</method>
      <line>62</line>
    </frame>
    <frame>
      <class>sun.reflect.DelegatingConstructorAccessorImpl</class>
      <method>newInstance</method>
      <line>45</line>
    </frame>
    <frame>
      <class>java.lang.reflect.Constructor</class>
      <method>newInstance</method>
      <line>423</line>
    </frame>
    <frame>
      <class>com.mysql.jdbc.Util</class>
      <method>handleNewInstance</method>
      <line>425</line>
    </frame>
    <frame>
      <class>com.mysql.jdbc.Util</class>
      <method>getInstance</method>
      <line>408</line>
    </frame>
    <frame>
      <class>com.mysql.jdbc.SQLError</class>
      <method>createSQLException</method>
      <line>936</line>
    </frame>
    <frame>
      <class>com.mysql.jdbc.MysqlIO</class>
      <method>checkErrorPacket</method>
      <line>3973</line>
    </frame>
    <frame>
      <class>com.mysql.jdbc.MysqlIO</class>
      <method>checkErrorPacket</method>
      <line>3909</line>
    </frame>
    <frame>
      <class>com.mysql.jdbc.MysqlIO</class>
      <method>sendCommand</method>
      <line>2527</line>
    </frame>
    <frame>
      <class>com.mysql.jdbc.MysqlIO</class>
      <method>sqlQueryDirect</method>
      <line>2680</line>
    </frame>
    <frame>
      <class>com.mysql.jdbc.ConnectionImpl</class>
      <method>execSQL</method>
      <line>2484</line>
    </frame>
    <frame>
      <class>com.mysql.jdbc.PreparedStatement</class>
      <method>executeInternal</method>
      <line>1858</line>
    </frame>
    <frame>
      <class>com.mysql.jdbc.PreparedStatement</class>
      <method>executeUpdateInternal</method>
      <line>2079</line>
    </frame>
    <frame>
      <class>com.mysql.jdbc.PreparedStatement</class>
      <method>executeUpdateInternal</method>
      <line>2013</line>
    </frame>
    <frame>
      <class>com.mysql.jdbc.PreparedStatement</class>
      <method>executeLargeUpdate</method>
      <line>5104</line>
    </frame>
    <frame>
      <class>com.mysql.jdbc.PreparedStatement</class>
      <method>executeUpdate</method>
      <line>1998</line>
    </frame>
    <frame>
      <class>org.unibl.etf.dao.implementation.EmployeeHasTaskDAOImpl</class>
      <method>insert</method>
      <line>222</line>
    </frame>
    <frame>
      <class>org.unibl.etf.gui.task.controller.TaskDetailsViewController</class>
      <method>engageEmployee</method>
      <line>168</line>
    </frame>
    <frame>
      <class>sun.reflect.NativeMethodAccessorImpl</class>
      <method>invoke0</method>
    </frame>
    <frame>
      <class>sun.reflect.NativeMethodAccessorImpl</class>
      <method>invoke</method>
      <line>62</line>
    </frame>
    <frame>
      <class>sun.reflect.DelegatingMethodAccessorImpl</class>
      <method>invoke</method>
      <line>43</line>
    </frame>
    <frame>
      <class>java.lang.reflect.Method</class>
      <method>invoke</method>
      <line>498</line>
    </frame>
    <frame>
      <class>sun.reflect.misc.Trampoline</class>
      <method>invoke</method>
      <line>71</line>
    </frame>
    <frame>
      <class>sun.reflect.GeneratedMethodAccessor1</class>
      <method>invoke</method>
    </frame>
    <frame>
      <class>sun.reflect.DelegatingMethodAccessorImpl</class>
      <method>invoke</method>
      <line>43</line>
    </frame>
    <frame>
      <class>java.lang.reflect.Method</class>
      <method>invoke</method>
      <line>498</line>
    </frame>
    <frame>
      <class>sun.reflect.misc.MethodUtil</class>
      <method>invoke</method>
      <line>275</line>
    </frame>
    <frame>
      <class>javafx.fxml.FXMLLoader$MethodHandler</class>
      <method>invoke</method>
      <line>1769</line>
    </frame>
    <frame>
      <class>javafx.fxml.FXMLLoader$ControllerMethodEventHandler</class>
      <method>handle</method>
      <line>1657</line>
    </frame>
    <frame>
      <class>com.sun.javafx.event.CompositeEventHandler</class>
      <method>dispatchBubblingEvent</method>
      <line>86</line>
    </frame>
    <frame>
      <class>com.sun.javafx.event.EventHandlerManager</class>
      <method>dispatchBubblingEvent</method>
      <line>238</line>
    </frame>
    <frame>
      <class>com.sun.javafx.event.EventHandlerManager</class>
      <method>dispatchBubblingEvent</method>
      <line>191</line>
    </frame>
    <frame>
      <class>com.sun.javafx.event.CompositeEventDispatcher</class>
      <method>dispatchBubblingEvent</method>
      <line>59</line>
    </frame>
    <frame>
      <class>com.sun.javafx.event.BasicEventDispatcher</class>
      <method>dispatchEvent</method>
      <line>58</line>
    </frame>
    <frame>
      <class>com.sun.javafx.event.EventDispatchChainImpl</class>
      <method>dispatchEvent</method>
      <line>114</line>
    </frame>
    <frame>
      <class>com.sun.javafx.event.BasicEventDispatcher</class>
      <method>dispatchEvent</method>
      <line>56</line>
    </frame>
    <frame>
      <class>com.sun.javafx.event.EventDispatchChainImpl</class>
      <method>dispatchEvent</method>
      <line>114</line>
    </frame>
    <frame>
      <class>com.sun.javafx.event.BasicEventDispatcher</class>
      <method>dispatchEvent</method>
      <line>56</line>
    </frame>
    <frame>
      <class>com.sun.javafx.event.EventDispatchChainImpl</class>
      <method>dispatchEvent</method>
      <line>114</line>
    </frame>
    <frame>
      <class>com.sun.javafx.event.EventUtil</class>
      <method>fireEventImpl</method>
      <line>74</line>
    </frame>
    <frame>
      <class>com.sun.javafx.event.EventUtil</class>
      <method>fireEvent</method>
      <line>49</line>
    </frame>
    <frame>
      <class>javafx.event.Event</class>
      <method>fireEvent</method>
      <line>198</line>
    </frame>
    <frame>
      <class>javafx.scene.Node</class>
      <method>fireEvent</method>
      <line>8413</line>
    </frame>
    <frame>
      <class>javafx.scene.control.Button</class>
      <method>fire</method>
      <line>185</line>
    </frame>
    <frame>
      <class>com.sun.javafx.scene.control.behavior.ButtonBehavior</class>
      <method>mouseReleased</method>
      <line>182</line>
    </frame>
    <frame>
      <class>com.sun.javafx.scene.control.skin.BehaviorSkinBase$1</class>
      <method>handle</method>
      <line>96</line>
    </frame>
    <frame>
      <class>com.sun.javafx.scene.control.skin.BehaviorSkinBase$1</class>
      <method>handle</method>
      <line>89</line>
    </frame>
    <frame>
      <class>com.sun.javafx.event.CompositeEventHandler$NormalEventHandlerRecord</class>
      <method>handleBubblingEvent</method>
      <line>218</line>
    </frame>
    <frame>
      <class>com.sun.javafx.event.CompositeEventHandler</class>
      <method>dispatchBubblingEvent</method>
      <line>80</line>
    </frame>
    <frame>
      <class>com.sun.javafx.event.EventHandlerManager</class>
      <method>dispatchBubblingEvent</method>
      <line>238</line>
    </frame>
    <frame>
      <class>com.sun.javafx.event.EventHandlerManager</class>
      <method>dispatchBubblingEvent</method>
      <line>191</line>
    </frame>
    <frame>
      <class>com.sun.javafx.event.CompositeEventDispatcher</class>
      <method>dispatchBubblingEvent</method>
      <line>59</line>
    </frame>
    <frame>
      <class>com.sun.javafx.event.BasicEventDispatcher</class>
      <method>dispatchEvent</method>
      <line>58</line>
    </frame>
    <frame>
      <class>com.sun.javafx.event.EventDispatchChainImpl</class>
      <method>dispatchEvent</method>
      <line>114</line>
    </frame>
    <frame>
      <class>com.sun.javafx.event.BasicEventDispatcher</class>
      <method>dispatchEvent</method>
      <line>56</line>
    </frame>
    <frame>
      <class>com.sun.javafx.event.EventDispatchChainImpl</class>
      <method>dispatchEvent</method>
      <line>114</line>
    </frame>
    <frame>
      <class>com.sun.javafx.event.BasicEventDispatcher</class>
      <method>dispatchEvent</method>
      <line>56</line>
    </frame>
    <frame>
      <class>com.sun.javafx.event.EventDispatchChainImpl</class>
      <method>dispatchEvent</method>
      <line>114</line>
    </frame>
    <frame>
      <class>com.sun.javafx.event.EventUtil</class>
      <method>fireEventImpl</method>
      <line>74</line>
    </frame>
    <frame>
      <class>com.sun.javafx.event.EventUtil</class>
      <method>fireEvent</method>
      <line>49</line>
    </frame>
    <frame>
      <class>javafx.event.Event</class>
      <method>fireEvent</method>
      <line>198</line>
    </frame>
    <frame>
      <class>javafx.scene.Scene$MouseHandler</class>
      <method>process</method>
      <line>3757</line>
    </frame>
    <frame>
      <class>javafx.scene.Scene$MouseHandler</class>
      <method>access$1500</method>
      <line>3485</line>
    </frame>
    <frame>
      <class>javafx.scene.Scene</class>
      <method>impl_processMouseEvent</method>
      <line>1762</line>
    </frame>
    <frame>
      <class>javafx.scene.Scene$ScenePeerListener</class>
      <method>mouseEvent</method>
      <line>2494</line>
    </frame>
    <frame>
      <class>com.sun.javafx.tk.quantum.GlassViewEventHandler$MouseEventNotification</class>
      <method>run</method>
      <line>381</line>
    </frame>
    <frame>
      <class>com.sun.javafx.tk.quantum.GlassViewEventHandler$MouseEventNotification</class>
      <method>run</method>
      <line>295</line>
    </frame>
    <frame>
      <class>java.security.AccessController</class>
      <method>doPrivileged</method>
    </frame>
    <frame>
      <class>com.sun.javafx.tk.quantum.GlassViewEventHandler</class>
      <method>lambda$handleMouseEvent$354</method>
      <line>417</line>
    </frame>
    <frame>
      <class>com.sun.javafx.tk.quantum.QuantumToolkit</class>
      <method>runWithoutRenderLock</method>
      <line>389</line>
    </frame>
    <frame>
      <class>com.sun.javafx.tk.quantum.GlassViewEventHandler</class>
      <method>handleMouseEvent</method>
      <line>416</line>
    </frame>
    <frame>
      <class>com.sun.glass.ui.View</class>
      <method>handleMouseEvent</method>
      <line>555</line>
    </frame>
    <frame>
      <class>com.sun.glass.ui.View</class>
      <method>notifyMouse</method>
      <line>937</line>
    </frame>
    <frame>
      <class>com.sun.glass.ui.win.WinApplication</class>
      <method>_enterNestedEventLoopImpl</method>
    </frame>
    <frame>
      <class>com.sun.glass.ui.win.WinApplication</class>
      <method>_enterNestedEventLoop</method>
      <line>218</line>
    </frame>
    <frame>
      <class>com.sun.glass.ui.Application</class>
      <method>enterNestedEventLoop</method>
      <line>511</line>
    </frame>
    <frame>
      <class>com.sun.glass.ui.EventLoop</class>
      <method>enter</method>
      <line>107</line>
    </frame>
    <frame>
      <class>com.sun.javafx.tk.quantum.QuantumToolkit</class>
      <method>enterNestedEventLoop</method>
      <line>583</line>
    </frame>
    <frame>
      <class>javafx.stage.Stage</class>
      <method>showAndWait</method>
      <line>474</line>
    </frame>
    <frame>
      <class>org.unibl.etf.gui.plants.controller.DrawRegionsController</class>
      <method>taskDetails</method>
      <line>571</line>
    </frame>
    <frame>
      <class>sun.reflect.NativeMethodAccessorImpl</class>
      <method>invoke0</method>
    </frame>
    <frame>
      <class>sun.reflect.NativeMethodAccessorImpl</class>
      <method>invoke</method>
      <line>62</line>
    </frame>
    <frame>
      <class>sun.reflect.DelegatingMethodAccessorImpl</class>
      <method>invoke</method>
      <line>43</line>
    </frame>
    <frame>
      <class>java.lang.reflect.Method</class>
      <method>invoke</method>
      <line>498</line>
    </frame>
    <frame>
      <class>sun.reflect.misc.Trampoline</class>
      <method>invoke</method>
      <line>71</line>
    </frame>
    <frame>
      <class>sun.reflect.GeneratedMethodAccessor1</class>
      <method>invoke</method>
    </frame>
    <frame>
      <class>sun.reflect.DelegatingMethodAccessorImpl</class>
      <method>invoke</method>
      <line>43</line>
    </frame>
    <frame>
      <class>java.lang.reflect.Method</class>
      <method>invoke</method>
      <line>498</line>
    </frame>
    <frame>
      <class>sun.reflect.misc.MethodUtil</class>
      <method>invoke</method>
      <line>275</line>
    </frame>
    <frame>
      <class>javafx.fxml.FXMLLoader$MethodHandler</class>
      <method>invoke</method>
      <line>1769</line>
    </frame>
    <frame>
      <class>javafx.fxml.FXMLLoader$ControllerMethodEventHandler</class>
      <method>handle</method>
      <line>1657</line>
    </frame>
    <frame>
      <class>com.sun.javafx.event.CompositeEventHandler</class>
      <method>dispatchBubblingEvent</method>
      <line>86</line>
    </frame>
    <frame>
      <class>com.sun.javafx.event.EventHandlerManager</class>
      <method>dispatchBubblingEvent</method>
      <line>238</line>
    </frame>
    <frame>
      <class>com.sun.javafx.event.EventHandlerManager</class>
      <method>dispatchBubblingEvent</method>
      <line>191</line>
    </frame>
    <frame>
      <class>com.sun.javafx.event.CompositeEventDispatcher</class>
      <method>dispatchBubblingEvent</method>
      <line>59</line>
    </frame>
    <frame>
      <class>com.sun.javafx.event.BasicEventDispatcher</class>
      <method>dispatchEvent</method>
      <line>58</line>
    </frame>
    <frame>
      <class>com.sun.javafx.event.EventDispatchChainImpl</class>
      <method>dispatchEvent</method>
      <line>114</line>
    </frame>
    <frame>
      <class>com.sun.javafx.event.BasicEventDispatcher</class>
      <method>dispatchEvent</method>
      <line>56</line>
    </frame>
    <frame>
      <class>com.sun.javafx.event.EventDispatchChainImpl</class>
      <method>dispatchEvent</method>
      <line>114</line>
    </frame>
    <frame>
      <class>com.sun.javafx.event.BasicEventDispatcher</class>
      <method>dispatchEvent</method>
      <line>56</line>
    </frame>
    <frame>
      <class>com.sun.javafx.event.EventDispatchChainImpl</class>
      <method>dispatchEvent</method>
      <line>114</line>
    </frame>
    <frame>
      <class>com.sun.javafx.event.BasicEventDispatcher</class>
      <method>dispatchEvent</method>
      <line>56</line>
    </frame>
    <frame>
      <class>com.sun.javafx.event.EventDispatchChainImpl</class>
      <method>dispatchEvent</method>
      <line>114</line>
    </frame>
    <frame>
      <class>com.sun.javafx.event.BasicEventDispatcher</class>
      <method>dispatchEvent</method>
      <line>56</line>
    </frame>
    <frame>
      <class>com.sun.javafx.event.EventDispatchChainImpl</class>
      <method>dispatchEvent</method>
      <line>114</line>
    </frame>
    <frame>
      <class>com.sun.javafx.event.EventUtil</class>
      <method>fireEventImpl</method>
      <line>74</line>
    </frame>
    <frame>
      <class>com.sun.javafx.event.EventUtil</class>
      <method>fireEvent</method>
      <line>49</line>
    </frame>
    <frame>
      <class>javafx.event.Event</class>
      <method>fireEvent</method>
      <line>198</line>
    </frame>
    <frame>
      <class>javafx.scene.Node</class>
      <method>fireEvent</method>
      <line>8413</line>
    </frame>
    <frame>
      <class>javafx.scene.control.Button</class>
      <method>fire</method>
      <line>185</line>
    </frame>
    <frame>
      <class>com.sun.javafx.scene.control.behavior.ButtonBehavior</class>
      <method>mouseReleased</method>
      <line>182</line>
    </frame>
    <frame>
      <class>com.sun.javafx.scene.control.skin.BehaviorSkinBase$1</class>
      <method>handle</method>
      <line>96</line>
    </frame>
    <frame>
      <class>com.sun.javafx.scene.control.skin.BehaviorSkinBase$1</class>
      <method>handle</method>
      <line>89</line>
    </frame>
    <frame>
      <class>com.sun.javafx.event.CompositeEventHandler$NormalEventHandlerRecord</class>
      <method>handleBubblingEvent</method>
      <line>218</line>
    </frame>
    <frame>
      <class>com.sun.javafx.event.CompositeEventHandler</class>
      <method>dispatchBubblingEvent</method>
      <line>80</line>
    </frame>
    <frame>
      <class>com.sun.javafx.event.EventHandlerManager</class>
      <method>dispatchBubblingEvent</method>
      <line>238</line>
    </frame>
    <frame>
      <class>com.sun.javafx.event.EventHandlerManager</class>
      <method>dispatchBubblingEvent</method>
      <line>191</line>
    </frame>
    <frame>
      <class>com.sun.javafx.event.CompositeEventDispatcher</class>
      <method>dispatchBubblingEvent</method>
      <line>59</line>
    </frame>
    <frame>
      <class>com.sun.javafx.event.BasicEventDispatcher</class>
      <method>dispatchEvent</method>
      <line>58</line>
    </frame>
    <frame>
      <class>com.sun.javafx.event.EventDispatchChainImpl</class>
      <method>dispatchEvent</method>
      <line>114</line>
    </frame>
    <frame>
      <class>com.sun.javafx.event.BasicEventDispatcher</class>
      <method>dispatchEvent</method>
      <line>56</line>
    </frame>
    <frame>
      <class>com.sun.javafx.event.EventDispatchChainImpl</class>
      <method>dispatchEvent</method>
      <line>114</line>
    </frame>
    <frame>
      <class>com.sun.javafx.event.BasicEventDispatcher</class>
      <method>dispatchEvent</method>
      <line>56</line>
    </frame>
    <frame>
      <class>com.sun.javafx.event.EventDispatchChainImpl</class>
      <method>dispatchEvent</method>
      <line>114</line>
    </frame>
    <frame>
      <class>com.sun.javafx.event.BasicEventDispatcher</class>
      <method>dispatchEvent</method>
      <line>56</line>
    </frame>
    <frame>
      <class>com.sun.javafx.event.EventDispatchChainImpl</class>
      <method>dispatchEvent</method>
      <line>114</line>
    </frame>
    <frame>
      <class>com.sun.javafx.event.BasicEventDispatcher</class>
      <method>dispatchEvent</method>
      <line>56</line>
    </frame>
    <frame>
      <class>com.sun.javafx.event.EventDispatchChainImpl</class>
      <method>dispatchEvent</method>
      <line>114</line>
    </frame>
    <frame>
      <class>com.sun.javafx.event.EventUtil</class>
      <method>fireEventImpl</method>
      <line>74</line>
    </frame>
    <frame>
      <class>com.sun.javafx.event.EventUtil</class>
      <method>fireEvent</method>
      <line>54</line>
    </frame>
    <frame>
      <class>javafx.event.Event</class>
      <method>fireEvent</method>
      <line>198</line>
    </frame>
    <frame>
      <class>javafx.scene.Scene$MouseHandler</class>
      <method>process</method>
      <line>3757</line>
    </frame>
    <frame>
      <class>javafx.scene.Scene$MouseHandler</class>
      <method>access$1500</method>
      <line>3485</line>
    </frame>
    <frame>
      <class>javafx.scene.Scene</class>
      <method>impl_processMouseEvent</method>
      <line>1762</line>
    </frame>
    <frame>
      <class>javafx.scene.Scene$ScenePeerListener</class>
      <method>mouseEvent</method>
      <line>2494</line>
    </frame>
    <frame>
      <class>com.sun.javafx.tk.quantum.GlassViewEventHandler$MouseEventNotification</class>
      <method>run</method>
      <line>381</line>
    </frame>
    <frame>
      <class>com.sun.javafx.tk.quantum.GlassViewEventHandler$MouseEventNotification</class>
      <method>run</method>
      <line>295</line>
    </frame>
    <frame>
      <class>java.security.AccessController</class>
      <method>doPrivileged</method>
    </frame>
    <frame>
      <class>com.sun.javafx.tk.quantum.GlassViewEventHandler</class>
      <method>lambda$handleMouseEvent$354</method>
      <line>417</line>
    </frame>
    <frame>
      <class>com.sun.javafx.tk.quantum.QuantumToolkit</class>
      <method>runWithoutRenderLock</method>
      <line>389</line>
    </frame>
    <frame>
      <class>com.sun.javafx.tk.quantum.GlassViewEventHandler</class>
      <method>handleMouseEvent</method>
      <line>416</line>
    </frame>
    <frame>
      <class>com.sun.glass.ui.View</class>
      <method>handleMouseEvent</method>
      <line>555</line>
    </frame>
    <frame>
      <class>com.sun.glass.ui.View</class>
      <method>notifyMouse</method>
      <line>937</line>
    </frame>
    <frame>
      <class>com.sun.glass.ui.win.WinApplication</class>
      <method>_runLoop</method>
    </frame>
    <frame>
      <class>com.sun.glass.ui.win.WinApplication</class>
      <method>lambda$null$148</method>
      <line>191</line>
    </frame>
    <frame>
      <class>java.lang.Thread</class>
      <method>run</method>
      <line>748</line>
    </frame>
  </exception>
</record>
</log>
